{"/home/nate/clis/workshop/src/components/git-handler/component-change.js": {"path":"/home/nate/clis/workshop/src/components/git-handler/component-change.js","statementMap":{"0":{"start":{"line":14,"column":16},"end":{"line":14,"column":81}},"1":{"start":{"line":15,"column":23},"end":{"line":15,"column":42}},"2":{"start":{"line":16,"column":4},"end":{"line":19,"column":5}},"3":{"start":{"line":17,"column":23},"end":{"line":17,"column":54}},"4":{"start":{"line":18,"column":8},"end":{"line":18,"column":29}},"5":{"start":{"line":20,"column":4},"end":{"line":20,"column":33}},"6":{"start":{"line":21,"column":4},"end":{"line":21,"column":34}},"7":{"start":{"line":27,"column":4},"end":{"line":27,"column":21}},"8":{"start":{"line":28,"column":4},"end":{"line":33,"column":5}},"9":{"start":{"line":29,"column":20},"end":{"line":29,"column":75}},"10":{"start":{"line":30,"column":8},"end":{"line":30,"column":28}},"11":{"start":{"line":32,"column":8},"end":{"line":32,"column":27}},"12":{"start":{"line":37,"column":19},"end":{"line":37,"column":74}},"13":{"start":{"line":38,"column":16},"end":{"line":38,"column":77}},"14":{"start":{"line":39,"column":4},"end":{"line":43,"column":5}},"15":{"start":{"line":40,"column":8},"end":{"line":40,"column":34}},"16":{"start":{"line":42,"column":8},"end":{"line":42,"column":80}}},"fnMap":{"0":{"name":"componentChange","decl":{"start":{"line":13,"column":22},"end":{"line":13,"column":37}},"loc":{"start":{"line":13,"column":43},"end":{"line":22,"column":1}},"line":13},"1":{"name":"setupComponentDir","decl":{"start":{"line":26,"column":15},"end":{"line":26,"column":32}},"loc":{"start":{"line":26,"column":38},"end":{"line":34,"column":1}},"line":26},"2":{"name":"copyComponentFiles","decl":{"start":{"line":36,"column":15},"end":{"line":36,"column":33}},"loc":{"start":{"line":36,"column":39},"end":{"line":44,"column":1}},"line":36}},"branchMap":{"0":{"loc":{"start":{"line":16,"column":4},"end":{"line":19,"column":5}},"type":"if","locations":[{"start":{"line":16,"column":4},"end":{"line":19,"column":5}},{"start":{},"end":{}}],"line":16}},"s":{"0":0,"1":0,"2":0,"3":0,"4":0,"5":0,"6":0,"7":0,"8":0,"9":0,"10":0,"11":0,"12":0,"13":0,"14":0,"15":0,"16":0},"f":{"0":0,"1":0,"2":0},"b":{"0":[0,0]},"_coverageSchema":"1a1c01bbd47fc00a2c39e90264f33305004495a9","hash":"56f9e9373b2f6bd71052dd4928ab6b9200f29de5"}
,"/home/nate/clis/workshop/src/components/git-handler/feature-change.js": {"path":"/home/nate/clis/workshop/src/components/git-handler/feature-change.js","statementMap":{"0":{"start":{"line":14,"column":16},"end":{"line":14,"column":81}},"1":{"start":{"line":15,"column":23},"end":{"line":15,"column":42}},"2":{"start":{"line":16,"column":4},"end":{"line":16,"column":65}},"3":{"start":{"line":16,"column":47},"end":{"line":16,"column":65}},"4":{"start":{"line":17,"column":4},"end":{"line":17,"column":31}},"5":{"start":{"line":18,"column":4},"end":{"line":18,"column":31}},"6":{"start":{"line":22,"column":4},"end":{"line":22,"column":21}},"7":{"start":{"line":23,"column":4},"end":{"line":28,"column":5}},"8":{"start":{"line":24,"column":20},"end":{"line":24,"column":73}},"9":{"start":{"line":25,"column":8},"end":{"line":25,"column":28}},"10":{"start":{"line":27,"column":8},"end":{"line":27,"column":27}},"11":{"start":{"line":32,"column":19},"end":{"line":32,"column":72}},"12":{"start":{"line":33,"column":16},"end":{"line":33,"column":75}},"13":{"start":{"line":34,"column":4},"end":{"line":38,"column":5}},"14":{"start":{"line":35,"column":8},"end":{"line":35,"column":34}},"15":{"start":{"line":37,"column":8},"end":{"line":37,"column":80}}},"fnMap":{"0":{"name":"featureChange","decl":{"start":{"line":13,"column":22},"end":{"line":13,"column":35}},"loc":{"start":{"line":13,"column":41},"end":{"line":20,"column":1}},"line":13},"1":{"name":"setupFeatureDir","decl":{"start":{"line":21,"column":15},"end":{"line":21,"column":30}},"loc":{"start":{"line":21,"column":36},"end":{"line":29,"column":1}},"line":21},"2":{"name":"copyFeatureTest","decl":{"start":{"line":31,"column":15},"end":{"line":31,"column":30}},"loc":{"start":{"line":31,"column":36},"end":{"line":39,"column":1}},"line":31}},"branchMap":{"0":{"loc":{"start":{"line":16,"column":4},"end":{"line":16,"column":65}},"type":"if","locations":[{"start":{"line":16,"column":4},"end":{"line":16,"column":65}},{"start":{},"end":{}}],"line":16},"1":{"loc":{"start":{"line":16,"column":7},"end":{"line":16,"column":45}},"type":"binary-expr","locations":[{"start":{"line":16,"column":7},"end":{"line":16,"column":19}},{"start":{"line":16,"column":23},"end":{"line":16,"column":45}}],"line":16}},"s":{"0":0,"1":0,"2":0,"3":0,"4":0,"5":0,"6":0,"7":0,"8":0,"9":0,"10":0,"11":0,"12":0,"13":0,"14":0,"15":0},"f":{"0":0,"1":0,"2":0},"b":{"0":[0,0],"1":[0,0]},"_coverageSchema":"1a1c01bbd47fc00a2c39e90264f33305004495a9","hash":"00416b61982a3233b70cac8d59e7c013a406d6f3"}
,"/home/nate/clis/workshop/src/components/git-handler/git-handler.js": {"path":"/home/nate/clis/workshop/src/components/git-handler/git-handler.js","statementMap":{"0":{"start":{"line":12,"column":4},"end":{"line":12,"column":32}},"1":{"start":{"line":13,"column":4},"end":{"line":13,"column":28}},"2":{"start":{"line":14,"column":4},"end":{"line":14,"column":86}},"3":{"start":{"line":14,"column":23},"end":{"line":14,"column":86}},"4":{"start":{"line":15,"column":4},"end":{"line":15,"column":71}},"5":{"start":{"line":15,"column":26},"end":{"line":15,"column":71}},"6":{"start":{"line":16,"column":4},"end":{"line":16,"column":62}},"7":{"start":{"line":17,"column":21},"end":{"line":17,"column":67}},"8":{"start":{"line":18,"column":4},"end":{"line":18,"column":66}},"9":{"start":{"line":18,"column":23},"end":{"line":18,"column":66}},"10":{"start":{"line":26,"column":22},"end":{"line":26,"column":46}},"11":{"start":{"line":27,"column":4},"end":{"line":27,"column":70}},"12":{"start":{"line":28,"column":4},"end":{"line":28,"column":45}},"13":{"start":{"line":29,"column":4},"end":{"line":29,"column":44}},"14":{"start":{"line":30,"column":4},"end":{"line":30,"column":50}},"15":{"start":{"line":31,"column":4},"end":{"line":31,"column":75}},"16":{"start":{"line":38,"column":4},"end":{"line":38,"column":49}},"17":{"start":{"line":38,"column":16},"end":{"line":38,"column":49}},"18":{"start":{"line":39,"column":4},"end":{"line":39,"column":56}},"19":{"start":{"line":48,"column":4},"end":{"line":48,"column":53}},"20":{"start":{"line":48,"column":41},"end":{"line":48,"column":53}},"21":{"start":{"line":49,"column":4},"end":{"line":52,"column":5}},"22":{"start":{"line":50,"column":27},"end":{"line":50,"column":51}},"23":{"start":{"line":51,"column":8},"end":{"line":51,"column":51}},"24":{"start":{"line":53,"column":4},"end":{"line":53,"column":36}},"25":{"start":{"line":54,"column":4},"end":{"line":54,"column":57}},"26":{"start":{"line":55,"column":4},"end":{"line":57,"column":5}},"27":{"start":{"line":56,"column":8},"end":{"line":56,"column":36}},"28":{"start":{"line":67,"column":21},"end":{"line":67,"column":78}},"29":{"start":{"line":68,"column":4},"end":{"line":68,"column":47}},"30":{"start":{"line":68,"column":34},"end":{"line":68,"column":47}},"31":{"start":{"line":69,"column":4},"end":{"line":69,"column":16}},"32":{"start":{"line":74,"column":4},"end":{"line":74,"column":46}},"33":{"start":{"line":78,"column":4},"end":{"line":83,"column":5}},"34":{"start":{"line":79,"column":25},"end":{"line":79,"column":83}},"35":{"start":{"line":80,"column":8},"end":{"line":80,"column":51}},"36":{"start":{"line":82,"column":8},"end":{"line":82,"column":20}},"37":{"start":{"line":87,"column":14},"end":{"line":91,"column":1}},"38":{"start":{"line":90,"column":4},"end":{"line":90,"column":79}}},"fnMap":{"0":{"name":"initGit","decl":{"start":{"line":11,"column":22},"end":{"line":11,"column":29}},"loc":{"start":{"line":11,"column":56},"end":{"line":19,"column":1}},"line":11},"1":{"name":"changeBranch","decl":{"start":{"line":25,"column":22},"end":{"line":25,"column":34}},"loc":{"start":{"line":25,"column":58},"end":{"line":32,"column":1}},"line":25},"2":{"name":"setUpstream","decl":{"start":{"line":37,"column":22},"end":{"line":37,"column":33}},"loc":{"start":{"line":37,"column":41},"end":{"line":40,"column":1}},"line":37},"3":{"name":"commit","decl":{"start":{"line":47,"column":23},"end":{"line":47,"column":29}},"loc":{"start":{"line":47,"column":52},"end":{"line":59,"column":1}},"line":47},"4":{"name":"getCurrentBranch","decl":{"start":{"line":66,"column":15},"end":{"line":66,"column":31}},"loc":{"start":{"line":66,"column":33},"end":{"line":70,"column":1}},"line":66},"5":{"name":"renameMainBranch","decl":{"start":{"line":73,"column":15},"end":{"line":73,"column":31}},"loc":{"start":{"line":73,"column":44},"end":{"line":75,"column":1}},"line":73},"6":{"name":"checkGitStatus","decl":{"start":{"line":77,"column":15},"end":{"line":77,"column":29}},"loc":{"start":{"line":77,"column":32},"end":{"line":84,"column":1}},"line":77},"7":{"name":"(anonymous_7)","decl":{"start":{"line":87,"column":14},"end":{"line":87,"column":15}},"loc":{"start":{"line":87,"column":44},"end":{"line":91,"column":1}},"line":87}},"branchMap":{"0":{"loc":{"start":{"line":11,"column":30},"end":{"line":11,"column":55}},"type":"default-arg","locations":[{"start":{"line":11,"column":39},"end":{"line":11,"column":55}}],"line":11},"1":{"loc":{"start":{"line":14,"column":4},"end":{"line":14,"column":86}},"type":"if","locations":[{"start":{"line":14,"column":4},"end":{"line":14,"column":86}},{"start":{},"end":{}}],"line":14},"2":{"loc":{"start":{"line":15,"column":4},"end":{"line":15,"column":71}},"type":"if","locations":[{"start":{"line":15,"column":4},"end":{"line":15,"column":71}},{"start":{},"end":{}}],"line":15},"3":{"loc":{"start":{"line":17,"column":21},"end":{"line":17,"column":67}},"type":"cond-expr","locations":[{"start":{"line":17,"column":41},"end":{"line":17,"column":58}},{"start":{"line":17,"column":61},"end":{"line":17,"column":67}}],"line":17},"4":{"loc":{"start":{"line":18,"column":4},"end":{"line":18,"column":66}},"type":"if","locations":[{"start":{"line":18,"column":4},"end":{"line":18,"column":66}},{"start":{},"end":{}}],"line":18},"5":{"loc":{"start":{"line":25,"column":43},"end":{"line":25,"column":57}},"type":"default-arg","locations":[{"start":{"line":25,"column":52},"end":{"line":25,"column":57}}],"line":25},"6":{"loc":{"start":{"line":38,"column":4},"end":{"line":38,"column":49}},"type":"if","locations":[{"start":{"line":38,"column":4},"end":{"line":38,"column":49}},{"start":{},"end":{}}],"line":38},"7":{"loc":{"start":{"line":47,"column":30},"end":{"line":47,"column":51}},"type":"default-arg","locations":[{"start":{"line":47,"column":39},"end":{"line":47,"column":51}}],"line":47},"8":{"loc":{"start":{"line":48,"column":4},"end":{"line":48,"column":53}},"type":"if","locations":[{"start":{"line":48,"column":4},"end":{"line":48,"column":53}},{"start":{},"end":{}}],"line":48},"9":{"loc":{"start":{"line":49,"column":4},"end":{"line":52,"column":5}},"type":"if","locations":[{"start":{"line":49,"column":4},"end":{"line":52,"column":5}},{"start":{},"end":{}}],"line":49},"10":{"loc":{"start":{"line":55,"column":4},"end":{"line":57,"column":5}},"type":"if","locations":[{"start":{"line":55,"column":4},"end":{"line":57,"column":5}},{"start":{},"end":{}}],"line":55},"11":{"loc":{"start":{"line":68,"column":4},"end":{"line":68,"column":47}},"type":"if","locations":[{"start":{"line":68,"column":4},"end":{"line":68,"column":47}},{"start":{},"end":{}}],"line":68},"12":{"loc":{"start":{"line":73,"column":32},"end":{"line":73,"column":43}},"type":"default-arg","locations":[{"start":{"line":73,"column":37},"end":{"line":73,"column":43}}],"line":73},"13":{"loc":{"start":{"line":80,"column":15},"end":{"line":80,"column":51}},"type":"binary-expr","locations":[{"start":{"line":80,"column":15},"end":{"line":80,"column":30}},{"start":{"line":80,"column":34},"end":{"line":80,"column":51}}],"line":80}},"s":{"0":0,"1":0,"2":0,"3":0,"4":0,"5":0,"6":0,"7":0,"8":0,"9":0,"10":0,"11":0,"12":0,"13":0,"14":0,"15":0,"16":0,"17":0,"18":0,"19":0,"20":0,"21":0,"22":0,"23":0,"24":0,"25":0,"26":0,"27":0,"28":0,"29":0,"30":0,"31":0,"32":0,"33":0,"34":0,"35":0,"36":0,"37":1,"38":0},"f":{"0":0,"1":0,"2":0,"3":0,"4":0,"5":0,"6":0,"7":0},"b":{"0":[0],"1":[0,0],"2":[0,0],"3":[0,0],"4":[0,0],"5":[0],"6":[0,0],"7":[0],"8":[0,0],"9":[0,0],"10":[0,0],"11":[0,0],"12":[0],"13":[0,0]},"_coverageSchema":"1a1c01bbd47fc00a2c39e90264f33305004495a9","hash":"3d3e0e5bcdf932b4f4a940e7e8486d9dce41f9f8"}
,"/home/nate/clis/workshop/src/components/init/init.js": {"path":"/home/nate/clis/workshop/src/components/init/init.js","statementMap":{"0":{"start":{"line":23,"column":22},"end":{"line":23,"column":59}},"1":{"start":{"line":24,"column":4},"end":{"line":24,"column":37}},"2":{"start":{"line":25,"column":18},"end":{"line":59,"column":6}},"3":{"start":{"line":29,"column":16},"end":{"line":29,"column":33}},"4":{"start":{"line":35,"column":16},"end":{"line":35,"column":49}},"5":{"start":{"line":40,"column":27},"end":{"line":40,"column":40}},"6":{"start":{"line":42,"column":16},"end":{"line":42,"column":62}},"7":{"start":{"line":47,"column":28},"end":{"line":47,"column":74}},"8":{"start":{"line":49,"column":16},"end":{"line":49,"column":54}},"9":{"start":{"line":54,"column":27},"end":{"line":54,"column":76}},"10":{"start":{"line":56,"column":16},"end":{"line":56,"column":58}},"11":{"start":{"line":63,"column":22},"end":{"line":63,"column":24}},"12":{"start":{"line":64,"column":57},"end":{"line":64,"column":64}},"13":{"start":{"line":65,"column":4},"end":{"line":65,"column":109}},"14":{"start":{"line":65,"column":90},"end":{"line":65,"column":107}},"15":{"start":{"line":66,"column":4},"end":{"line":66,"column":169}},"16":{"start":{"line":66,"column":132},"end":{"line":66,"column":167}},"17":{"start":{"line":67,"column":4},"end":{"line":67,"column":171}},"18":{"start":{"line":67,"column":131},"end":{"line":67,"column":169}},"19":{"start":{"line":68,"column":4},"end":{"line":68,"column":129}},"20":{"start":{"line":68,"column":91},"end":{"line":68,"column":127}},"21":{"start":{"line":69,"column":4},"end":{"line":69,"column":161}},"22":{"start":{"line":69,"column":95},"end":{"line":69,"column":159}},"23":{"start":{"line":70,"column":21},"end":{"line":70,"column":50}},"24":{"start":{"line":71,"column":4},"end":{"line":71,"column":35}},"25":{"start":{"line":75,"column":24},"end":{"line":75,"column":140}},"26":{"start":{"line":76,"column":22},"end":{"line":83,"column":10}},"27":{"start":{"line":77,"column":29},"end":{"line":77,"column":31}},"28":{"start":{"line":78,"column":8},"end":{"line":80,"column":9}},"29":{"start":{"line":79,"column":12},"end":{"line":79,"column":74}},"30":{"start":{"line":79,"column":41},"end":{"line":79,"column":74}},"31":{"start":{"line":81,"column":8},"end":{"line":81,"column":39}},"32":{"start":{"line":82,"column":8},"end":{"line":82,"column":27}},"33":{"start":{"line":84,"column":4},"end":{"line":84,"column":37}},"34":{"start":{"line":89,"column":16},"end":{"line":89,"column":81}},"35":{"start":{"line":90,"column":17},"end":{"line":90,"column":36}},"36":{"start":{"line":91,"column":29},"end":{"line":91,"column":36}},"37":{"start":{"line":92,"column":24},"end":{"line":92,"column":56}},"38":{"start":{"line":93,"column":4},"end":{"line":93,"column":84}},"39":{"start":{"line":94,"column":4},"end":{"line":94,"column":19}},"40":{"start":{"line":95,"column":4},"end":{"line":95,"column":20}},"41":{"start":{"line":99,"column":17},"end":{"line":99,"column":30}},"42":{"start":{"line":100,"column":19},"end":{"line":100,"column":57}},"43":{"start":{"line":100,"column":31},"end":{"line":100,"column":57}},"44":{"start":{"line":101,"column":16},"end":{"line":101,"column":70}},"45":{"start":{"line":103,"column":4},"end":{"line":103,"column":32}},"46":{"start":{"line":104,"column":4},"end":{"line":104,"column":63}},"47":{"start":{"line":104,"column":44},"end":{"line":104,"column":60}},"48":{"start":{"line":108,"column":4},"end":{"line":112,"column":5}},"49":{"start":{"line":109,"column":8},"end":{"line":109,"column":28}},"50":{"start":{"line":111,"column":8},"end":{"line":111,"column":27}}},"fnMap":{"0":{"name":"init","decl":{"start":{"line":22,"column":22},"end":{"line":22,"column":26}},"loc":{"start":{"line":22,"column":35},"end":{"line":60,"column":1}},"line":22},"1":{"name":"(anonymous_1)","decl":{"start":{"line":28,"column":18},"end":{"line":28,"column":19}},"loc":{"start":{"line":28,"column":30},"end":{"line":30,"column":13}},"line":28},"2":{"name":"(anonymous_2)","decl":{"start":{"line":34,"column":18},"end":{"line":34,"column":19}},"loc":{"start":{"line":34,"column":30},"end":{"line":36,"column":13}},"line":34},"3":{"name":"(anonymous_3)","decl":{"start":{"line":40,"column":21},"end":{"line":40,"column":22}},"loc":{"start":{"line":40,"column":27},"end":{"line":40,"column":40}},"line":40},"4":{"name":"(anonymous_4)","decl":{"start":{"line":41,"column":18},"end":{"line":41,"column":19}},"loc":{"start":{"line":41,"column":29},"end":{"line":43,"column":13}},"line":41},"5":{"name":"(anonymous_5)","decl":{"start":{"line":47,"column":21},"end":{"line":47,"column":22}},"loc":{"start":{"line":47,"column":28},"end":{"line":47,"column":74}},"line":47},"6":{"name":"(anonymous_6)","decl":{"start":{"line":48,"column":18},"end":{"line":48,"column":19}},"loc":{"start":{"line":48,"column":30},"end":{"line":50,"column":13}},"line":48},"7":{"name":"(anonymous_7)","decl":{"start":{"line":54,"column":21},"end":{"line":54,"column":22}},"loc":{"start":{"line":54,"column":27},"end":{"line":54,"column":76}},"line":54},"8":{"name":"(anonymous_8)","decl":{"start":{"line":55,"column":18},"end":{"line":55,"column":19}},"loc":{"start":{"line":55,"column":30},"end":{"line":57,"column":13}},"line":55},"9":{"name":"promptMissingQuestions","decl":{"start":{"line":62,"column":15},"end":{"line":62,"column":37}},"loc":{"start":{"line":62,"column":46},"end":{"line":72,"column":1}},"line":62},"10":{"name":"(anonymous_10)","decl":{"start":{"line":65,"column":83},"end":{"line":65,"column":84}},"loc":{"start":{"line":65,"column":90},"end":{"line":65,"column":107}},"line":65},"11":{"name":"(anonymous_11)","decl":{"start":{"line":66,"column":119},"end":{"line":66,"column":120}},"loc":{"start":{"line":66,"column":132},"end":{"line":66,"column":167}},"line":66},"12":{"name":"(anonymous_12)","decl":{"start":{"line":67,"column":117},"end":{"line":67,"column":118}},"loc":{"start":{"line":67,"column":131},"end":{"line":67,"column":169}},"line":67},"13":{"name":"(anonymous_13)","decl":{"start":{"line":68,"column":77},"end":{"line":68,"column":78}},"loc":{"start":{"line":68,"column":91},"end":{"line":68,"column":127}},"line":68},"14":{"name":"(anonymous_14)","decl":{"start":{"line":69,"column":81},"end":{"line":69,"column":82}},"loc":{"start":{"line":69,"column":95},"end":{"line":69,"column":159}},"line":69},"15":{"name":"askQuestions","decl":{"start":{"line":74,"column":15},"end":{"line":74,"column":27}},"loc":{"start":{"line":74,"column":41},"end":{"line":85,"column":1}},"line":74},"16":{"name":"(anonymous_16)","decl":{"start":{"line":76,"column":39},"end":{"line":76,"column":40}},"loc":{"start":{"line":76,"column":67},"end":{"line":83,"column":5}},"line":76},"17":{"name":"setupPackageFile","decl":{"start":{"line":88,"column":15},"end":{"line":88,"column":31}},"loc":{"start":{"line":88,"column":40},"end":{"line":96,"column":1}},"line":88},"18":{"name":"setupDirs","decl":{"start":{"line":98,"column":23},"end":{"line":98,"column":32}},"loc":{"start":{"line":98,"column":34},"end":{"line":105,"column":1}},"line":98},"19":{"name":"(anonymous_19)","decl":{"start":{"line":100,"column":19},"end":{"line":100,"column":20}},"loc":{"start":{"line":100,"column":31},"end":{"line":100,"column":57}},"line":100},"20":{"name":"(anonymous_20)","decl":{"start":{"line":104,"column":30},"end":{"line":104,"column":31}},"loc":{"start":{"line":104,"column":43},"end":{"line":104,"column":61}},"line":104},"21":{"name":"mkdir","decl":{"start":{"line":107,"column":15},"end":{"line":107,"column":20}},"loc":{"start":{"line":107,"column":25},"end":{"line":114,"column":1}},"line":107}},"branchMap":{"0":{"loc":{"start":{"line":47,"column":28},"end":{"line":47,"column":74}},"type":"binary-expr","locations":[{"start":{"line":47,"column":28},"end":{"line":47,"column":45}},{"start":{"line":47,"column":50},"end":{"line":47,"column":74}}],"line":47},"1":{"loc":{"start":{"line":54,"column":27},"end":{"line":54,"column":76}},"type":"binary-expr","locations":[{"start":{"line":54,"column":27},"end":{"line":54,"column":46}},{"start":{"line":54,"column":50},"end":{"line":54,"column":76}}],"line":54},"2":{"loc":{"start":{"line":66,"column":132},"end":{"line":66,"column":167}},"type":"binary-expr","locations":[{"start":{"line":66,"column":132},"end":{"line":66,"column":143}},{"start":{"line":66,"column":147},"end":{"line":66,"column":167}}],"line":66},"3":{"loc":{"start":{"line":67,"column":131},"end":{"line":67,"column":169}},"type":"binary-expr","locations":[{"start":{"line":67,"column":131},"end":{"line":67,"column":142}},{"start":{"line":67,"column":146},"end":{"line":67,"column":169}}],"line":67},"4":{"loc":{"start":{"line":68,"column":91},"end":{"line":68,"column":127}},"type":"binary-expr","locations":[{"start":{"line":68,"column":91},"end":{"line":68,"column":102}},{"start":{"line":68,"column":106},"end":{"line":68,"column":127}}],"line":68},"5":{"loc":{"start":{"line":69,"column":95},"end":{"line":69,"column":159}},"type":"binary-expr","locations":[{"start":{"line":69,"column":95},"end":{"line":69,"column":106}},{"start":{"line":69,"column":110},"end":{"line":69,"column":133}},{"start":{"line":69,"column":137},"end":{"line":69,"column":159}}],"line":69},"6":{"loc":{"start":{"line":79,"column":12},"end":{"line":79,"column":74}},"type":"if","locations":[{"start":{"line":79,"column":12},"end":{"line":79,"column":74}},{"start":{},"end":{}}],"line":79},"7":{"loc":{"start":{"line":93,"column":20},"end":{"line":93,"column":84}},"type":"cond-expr","locations":[{"start":{"line":93,"column":36},"end":{"line":93,"column":70}},{"start":{"line":93,"column":73},"end":{"line":93,"column":84}}],"line":93}},"s":{"0":0,"1":0,"2":0,"3":0,"4":0,"5":0,"6":0,"7":0,"8":0,"9":0,"10":0,"11":0,"12":0,"13":0,"14":0,"15":0,"16":0,"17":0,"18":0,"19":0,"20":0,"21":0,"22":0,"23":0,"24":0,"25":0,"26":0,"27":0,"28":0,"29":0,"30":0,"31":0,"32":0,"33":0,"34":0,"35":0,"36":0,"37":0,"38":0,"39":0,"40":0,"41":0,"42":0,"43":0,"44":0,"45":0,"46":0,"47":0,"48":0,"49":0,"50":0},"f":{"0":0,"1":0,"2":0,"3":0,"4":0,"5":0,"6":0,"7":0,"8":0,"9":0,"10":0,"11":0,"12":0,"13":0,"14":0,"15":0,"16":0,"17":0,"18":0,"19":0,"20":0,"21":0},"b":{"0":[0,0],"1":[0,0],"2":[0,0],"3":[0,0],"4":[0,0],"5":[0,0,0],"6":[0,0],"7":[0,0]},"_coverageSchema":"1a1c01bbd47fc00a2c39e90264f33305004495a9","hash":"2010b502f1049b9fe9d6de868e71ec3694f497b7"}
,"/home/nate/clis/workshop/src/components/package-handler/package-handler.js": {"path":"/home/nate/clis/workshop/src/components/package-handler/package-handler.js","statementMap":{"0":{"start":{"line":4,"column":13},"end":{"line":4,"column":17}},"1":{"start":{"line":5,"column":11},"end":{"line":5,"column":13}},"2":{"start":{"line":7,"column":8},"end":{"line":7,"column":32}},"3":{"start":{"line":10,"column":8},"end":{"line":14,"column":9}},"4":{"start":{"line":11,"column":12},"end":{"line":11,"column":42}},"5":{"start":{"line":13,"column":12},"end":{"line":13,"column":91}},"6":{"start":{"line":17,"column":8},"end":{"line":25,"column":9}},"7":{"start":{"line":18,"column":12},"end":{"line":18,"column":34}},"8":{"start":{"line":19,"column":29},"end":{"line":19,"column":61}},"9":{"start":{"line":20,"column":12},"end":{"line":20,"column":43}},"10":{"start":{"line":22,"column":12},"end":{"line":22,"column":42}},"11":{"start":{"line":24,"column":12},"end":{"line":24,"column":28}},"12":{"start":{"line":28,"column":8},"end":{"line":28,"column":59}},"13":{"start":{"line":29,"column":8},"end":{"line":29,"column":33}},"14":{"start":{"line":29,"column":27},"end":{"line":29,"column":33}},"15":{"start":{"line":30,"column":21},"end":{"line":30,"column":55}},"16":{"start":{"line":31,"column":8},"end":{"line":31,"column":42}},"17":{"start":{"line":32,"column":8},"end":{"line":32,"column":19}},"18":{"start":{"line":35,"column":8},"end":{"line":35,"column":33}},"19":{"start":{"line":35,"column":27},"end":{"line":35,"column":33}},"20":{"start":{"line":36,"column":8},"end":{"line":40,"column":9}},"21":{"start":{"line":37,"column":12},"end":{"line":37,"column":70}},"22":{"start":{"line":39,"column":12},"end":{"line":39,"column":26}},"23":{"start":{"line":43,"column":8},"end":{"line":43,"column":30}},"24":{"start":{"line":44,"column":21},"end":{"line":44,"column":55}},"25":{"start":{"line":45,"column":8},"end":{"line":45,"column":47}}},"fnMap":{"0":{"name":"(anonymous_0)","decl":{"start":{"line":6,"column":4},"end":{"line":6,"column":5}},"loc":{"start":{"line":6,"column":25},"end":{"line":8,"column":5}},"line":6},"1":{"name":"(anonymous_1)","decl":{"start":{"line":9,"column":4},"end":{"line":9,"column":5}},"loc":{"start":{"line":9,"column":21},"end":{"line":15,"column":5}},"line":9},"2":{"name":"(anonymous_2)","decl":{"start":{"line":16,"column":4},"end":{"line":16,"column":5}},"loc":{"start":{"line":16,"column":19},"end":{"line":26,"column":5}},"line":16},"3":{"name":"(anonymous_3)","decl":{"start":{"line":27,"column":4},"end":{"line":27,"column":5}},"loc":{"start":{"line":27,"column":23},"end":{"line":33,"column":5}},"line":27},"4":{"name":"(anonymous_4)","decl":{"start":{"line":34,"column":4},"end":{"line":34,"column":5}},"loc":{"start":{"line":34,"column":22},"end":{"line":41,"column":5}},"line":34},"5":{"name":"(anonymous_5)","decl":{"start":{"line":42,"column":4},"end":{"line":42,"column":5}},"loc":{"start":{"line":42,"column":16},"end":{"line":46,"column":5}},"line":42}},"branchMap":{"0":{"loc":{"start":{"line":28,"column":24},"end":{"line":28,"column":59}},"type":"cond-expr","locations":[{"start":{"line":28,"column":35},"end":{"line":28,"column":43}},{"start":{"line":28,"column":46},"end":{"line":28,"column":59}}],"line":28},"1":{"loc":{"start":{"line":29,"column":8},"end":{"line":29,"column":33}},"type":"if","locations":[{"start":{"line":29,"column":8},"end":{"line":29,"column":33}},{"start":{},"end":{}}],"line":29},"2":{"loc":{"start":{"line":35,"column":8},"end":{"line":35,"column":33}},"type":"if","locations":[{"start":{"line":35,"column":8},"end":{"line":35,"column":33}},{"start":{},"end":{}}],"line":35}},"s":{"0":2,"1":2,"2":2,"3":2,"4":2,"5":2,"6":1,"7":1,"8":1,"9":0,"10":1,"11":1,"12":3,"13":3,"14":1,"15":2,"16":2,"17":0,"18":2,"19":0,"20":2,"21":2,"22":2,"23":1,"24":1,"25":1},"f":{"0":2,"1":2,"2":1,"3":3,"4":2,"5":1},"b":{"0":[2,1],"1":[1,2],"2":[0,2]},"_coverageSchema":"1a1c01bbd47fc00a2c39e90264f33305004495a9","hash":"400cb7d1092674fd95abc9cc1201175c8e22dacb"}
}
