TN:
SF:src/components/git-handler/component-change.js
FN:13,componentChange
FN:26,setupComponentDir
FN:36,copyComponentFiles
FNF:3
FNH:0
FNDA:0,componentChange
FNDA:0,setupComponentDir
FNDA:0,copyComponentFiles
DA:14,0
DA:15,0
DA:16,0
DA:17,0
DA:18,0
DA:20,0
DA:21,0
DA:27,0
DA:28,0
DA:29,0
DA:30,0
DA:32,0
DA:37,0
DA:38,0
DA:39,0
DA:40,0
DA:42,0
LF:17
LH:0
BRDA:16,0,0,0
BRDA:16,0,1,0
BRF:2
BRH:0
end_of_record
TN:
SF:src/components/git-handler/feature-change.js
FN:13,featureChange
FN:21,setupFeatureDir
FN:31,copyFeatureTest
FNF:3
FNH:0
FNDA:0,featureChange
FNDA:0,setupFeatureDir
FNDA:0,copyFeatureTest
DA:14,0
DA:15,0
DA:16,0
DA:17,0
DA:18,0
DA:22,0
DA:23,0
DA:24,0
DA:25,0
DA:27,0
DA:32,0
DA:33,0
DA:34,0
DA:35,0
DA:37,0
LF:15
LH:0
BRDA:16,0,0,0
BRDA:16,0,1,0
BRDA:16,1,0,0
BRDA:16,1,1,0
BRF:4
BRH:0
end_of_record
TN:
SF:src/components/git-handler/git-handler.js
FN:11,initGit
FN:25,changeBranch
FN:37,setUpstream
FN:47,commit
FN:66,getCurrentBranch
FN:73,renameMainBranch
FN:77,checkGitStatus
FN:87,(anonymous_7)
FNF:8
FNH:0
FNDA:0,initGit
FNDA:0,changeBranch
FNDA:0,setUpstream
FNDA:0,commit
FNDA:0,getCurrentBranch
FNDA:0,renameMainBranch
FNDA:0,checkGitStatus
FNDA:0,(anonymous_7)
DA:12,0
DA:13,0
DA:14,0
DA:15,0
DA:16,0
DA:17,0
DA:18,0
DA:26,0
DA:27,0
DA:28,0
DA:29,0
DA:30,0
DA:31,0
DA:38,0
DA:39,0
DA:48,0
DA:49,0
DA:50,0
DA:51,0
DA:53,0
DA:54,0
DA:55,0
DA:56,0
DA:67,0
DA:68,0
DA:69,0
DA:74,0
DA:78,0
DA:79,0
DA:80,0
DA:82,0
DA:87,1
DA:90,0
LF:33
LH:1
BRDA:11,0,0,0
BRDA:14,1,0,0
BRDA:14,1,1,0
BRDA:15,2,0,0
BRDA:15,2,1,0
BRDA:17,3,0,0
BRDA:17,3,1,0
BRDA:18,4,0,0
BRDA:18,4,1,0
BRDA:25,5,0,0
BRDA:38,6,0,0
BRDA:38,6,1,0
BRDA:47,7,0,0
BRDA:48,8,0,0
BRDA:48,8,1,0
BRDA:49,9,0,0
BRDA:49,9,1,0
BRDA:55,10,0,0
BRDA:55,10,1,0
BRDA:68,11,0,0
BRDA:68,11,1,0
BRDA:73,12,0,0
BRDA:80,13,0,0
BRDA:80,13,1,0
BRF:24
BRH:0
end_of_record
TN:
SF:src/components/init/init.js
FN:22,init
FN:28,(anonymous_1)
FN:34,(anonymous_2)
FN:40,(anonymous_3)
FN:41,(anonymous_4)
FN:47,(anonymous_5)
FN:48,(anonymous_6)
FN:54,(anonymous_7)
FN:55,(anonymous_8)
FN:62,promptMissingQuestions
FN:65,(anonymous_10)
FN:66,(anonymous_11)
FN:67,(anonymous_12)
FN:68,(anonymous_13)
FN:69,(anonymous_14)
FN:74,askQuestions
FN:76,(anonymous_16)
FN:88,setupPackageFile
FN:98,setupDirs
FN:100,(anonymous_19)
FN:104,(anonymous_20)
FN:107,mkdir
FNF:22
FNH:0
FNDA:0,init
FNDA:0,(anonymous_1)
FNDA:0,(anonymous_2)
FNDA:0,(anonymous_3)
FNDA:0,(anonymous_4)
FNDA:0,(anonymous_5)
FNDA:0,(anonymous_6)
FNDA:0,(anonymous_7)
FNDA:0,(anonymous_8)
FNDA:0,promptMissingQuestions
FNDA:0,(anonymous_10)
FNDA:0,(anonymous_11)
FNDA:0,(anonymous_12)
FNDA:0,(anonymous_13)
FNDA:0,(anonymous_14)
FNDA:0,askQuestions
FNDA:0,(anonymous_16)
FNDA:0,setupPackageFile
FNDA:0,setupDirs
FNDA:0,(anonymous_19)
FNDA:0,(anonymous_20)
FNDA:0,mkdir
DA:23,0
DA:24,0
DA:25,0
DA:29,0
DA:35,0
DA:40,0
DA:42,0
DA:47,0
DA:49,0
DA:54,0
DA:56,0
DA:63,0
DA:64,0
DA:65,0
DA:66,0
DA:67,0
DA:68,0
DA:69,0
DA:70,0
DA:71,0
DA:75,0
DA:76,0
DA:77,0
DA:78,0
DA:79,0
DA:81,0
DA:82,0
DA:84,0
DA:89,0
DA:90,0
DA:91,0
DA:92,0
DA:93,0
DA:94,0
DA:95,0
DA:99,0
DA:100,0
DA:101,0
DA:103,0
DA:104,0
DA:108,0
DA:109,0
DA:111,0
LF:43
LH:0
BRDA:47,0,0,0
BRDA:47,0,1,0
BRDA:54,1,0,0
BRDA:54,1,1,0
BRDA:66,2,0,0
BRDA:66,2,1,0
BRDA:67,3,0,0
BRDA:67,3,1,0
BRDA:68,4,0,0
BRDA:68,4,1,0
BRDA:69,5,0,0
BRDA:69,5,1,0
BRDA:69,5,2,0
BRDA:79,6,0,0
BRDA:79,6,1,0
BRDA:93,7,0,0
BRDA:93,7,1,0
BRF:17
BRH:0
end_of_record
TN:
SF:src/components/package-handler/package-handler.js
FN:6,(anonymous_0)
FN:9,(anonymous_1)
FN:16,(anonymous_2)
FN:27,(anonymous_3)
FN:34,(anonymous_4)
FN:42,(anonymous_5)
FNF:6
FNH:6
FNDA:2,(anonymous_0)
FNDA:2,(anonymous_1)
FNDA:1,(anonymous_2)
FNDA:3,(anonymous_3)
FNDA:2,(anonymous_4)
FNDA:1,(anonymous_5)
DA:4,2
DA:5,2
DA:7,2
DA:10,2
DA:11,2
DA:13,2
DA:17,1
DA:18,1
DA:19,1
DA:20,0
DA:22,1
DA:24,1
DA:28,3
DA:29,3
DA:30,2
DA:31,2
DA:32,0
DA:35,2
DA:36,2
DA:37,2
DA:39,2
DA:43,1
DA:44,1
DA:45,1
LF:24
LH:22
BRDA:28,0,0,2
BRDA:28,0,1,1
BRDA:29,1,0,1
BRDA:29,1,1,2
BRDA:35,2,0,0
BRDA:35,2,1,2
BRF:6
BRH:5
end_of_record
